Analysis & Synthesis report for task2
Sat Dec 03 17:43:04 2022
Quartus Prime Version 18.1.0 Build 625 09/12/2018 SJ Lite Edition


---------------------
; Table of Contents ;
---------------------
  1. Legal Notice
  2. Analysis & Synthesis Summary
  3. Analysis & Synthesis Settings
  4. Parallel Compilation
  5. Analysis & Synthesis Source Files Read
  6. Analysis & Synthesis Resource Usage Summary
  7. Analysis & Synthesis Resource Utilization by Entity
  8. Analysis & Synthesis RAM Summary
  9. State Machine - |task2|controller:control|state
 10. Registers Removed During Synthesis
 11. General Register Statistics
 12. Registers Packed Into Inferred Megafunctions
 13. Multiplexer Restructuring Statistics (Restructuring Performed)
 14. Source assignments for ram:ram|altsyncram:m_rtl_0|altsyncram_00r1:auto_generated
 15. Parameter Settings for Inferred Entity Instance: ram:ram|altsyncram:m_rtl_0
 16. altsyncram Parameter Settings by Entity Instance
 17. Port Connectivity Checks: "controller:control"
 18. Post-Synthesis Netlist Statistics for Top Partition
 19. Elapsed Time Per Partition
 20. Analysis & Synthesis Messages
 21. Analysis & Synthesis Suppressed Messages



----------------
; Legal Notice ;
----------------
Copyright (C) 2018  Intel Corporation. All rights reserved.
Your use of Intel Corporation's design tools, logic functions 
and other software and tools, and its AMPP partner logic 
functions, and any output files from any of the foregoing 
(including device programming or simulation files), and any 
associated documentation or information are expressly subject 
to the terms and conditions of the Intel Program License 
Subscription Agreement, the Intel Quartus Prime License Agreement,
the Intel FPGA IP License Agreement, or other applicable license
agreement, including, without limitation, that your use is for
the sole purpose of programming logic devices manufactured by
Intel and sold by Intel or its authorized distributors.  Please
refer to the applicable agreement for further details.



+-------------------------------------------------------------------------------+
; Analysis & Synthesis Summary                                                  ;
+---------------------------------+---------------------------------------------+
; Analysis & Synthesis Status     ; Successful - Sat Dec 03 17:43:04 2022       ;
; Quartus Prime Version           ; 18.1.0 Build 625 09/12/2018 SJ Lite Edition ;
; Revision Name                   ; task2                                       ;
; Top-level Entity Name           ; task2                                       ;
; Family                          ; Cyclone V                                   ;
; Logic utilization (in ALMs)     ; N/A                                         ;
; Total registers                 ; 234                                         ;
; Total pins                      ; 26                                          ;
; Total virtual pins              ; 0                                           ;
; Total block memory bits         ; 4,096                                       ;
; Total DSP Blocks                ; 0                                           ;
; Total HSSI RX PCSs              ; 0                                           ;
; Total HSSI PMA RX Deserializers ; 0                                           ;
; Total HSSI TX PCSs              ; 0                                           ;
; Total HSSI PMA TX Serializers   ; 0                                           ;
; Total PLLs                      ; 0                                           ;
; Total DLLs                      ; 0                                           ;
+---------------------------------+---------------------------------------------+


+---------------------------------------------------------------------------------------------------------------------------+
; Analysis & Synthesis Settings                                                                                             ;
+---------------------------------------------------------------------------------+--------------------+--------------------+
; Option                                                                          ; Setting            ; Default Value      ;
+---------------------------------------------------------------------------------+--------------------+--------------------+
; Device                                                                          ; 5CSEMA5F31C6       ;                    ;
; Top-level entity name                                                           ; task2              ; task2              ;
; Family name                                                                     ; Cyclone V          ; Cyclone V          ;
; Use smart compilation                                                           ; Off                ; Off                ;
; Enable parallel Assembler and Timing Analyzer during compilation                ; On                 ; On                 ;
; Enable compact report table                                                     ; Off                ; Off                ;
; Restructure Multiplexers                                                        ; Auto               ; Auto               ;
; MLAB Add Timing Constraints For Mixed-Port Feed-Through Mode Setting Don't Care ; Off                ; Off                ;
; Create Debugging Nodes for IP Cores                                             ; Off                ; Off                ;
; Preserve fewer node names                                                       ; On                 ; On                 ;
; Intel FPGA IP Evaluation Mode                                                   ; Enable             ; Enable             ;
; Verilog Version                                                                 ; Verilog_2001       ; Verilog_2001       ;
; VHDL Version                                                                    ; VHDL_1993          ; VHDL_1993          ;
; State Machine Processing                                                        ; Auto               ; Auto               ;
; Safe State Machine                                                              ; Off                ; Off                ;
; Extract Verilog State Machines                                                  ; On                 ; On                 ;
; Extract VHDL State Machines                                                     ; On                 ; On                 ;
; Ignore Verilog initial constructs                                               ; Off                ; Off                ;
; Iteration limit for constant Verilog loops                                      ; 5000               ; 5000               ;
; Iteration limit for non-constant Verilog loops                                  ; 250                ; 250                ;
; Add Pass-Through Logic to Inferred RAMs                                         ; On                 ; On                 ;
; Infer RAMs from Raw Logic                                                       ; On                 ; On                 ;
; Parallel Synthesis                                                              ; On                 ; On                 ;
; DSP Block Balancing                                                             ; Auto               ; Auto               ;
; NOT Gate Push-Back                                                              ; On                 ; On                 ;
; Power-Up Don't Care                                                             ; On                 ; On                 ;
; Remove Redundant Logic Cells                                                    ; Off                ; Off                ;
; Remove Duplicate Registers                                                      ; On                 ; On                 ;
; Ignore CARRY Buffers                                                            ; Off                ; Off                ;
; Ignore CASCADE Buffers                                                          ; Off                ; Off                ;
; Ignore GLOBAL Buffers                                                           ; Off                ; Off                ;
; Ignore ROW GLOBAL Buffers                                                       ; Off                ; Off                ;
; Ignore LCELL Buffers                                                            ; Off                ; Off                ;
; Ignore SOFT Buffers                                                             ; On                 ; On                 ;
; Limit AHDL Integers to 32 Bits                                                  ; Off                ; Off                ;
; Optimization Technique                                                          ; Balanced           ; Balanced           ;
; Carry Chain Length                                                              ; 70                 ; 70                 ;
; Auto Carry Chains                                                               ; On                 ; On                 ;
; Auto Open-Drain Pins                                                            ; On                 ; On                 ;
; Perform WYSIWYG Primitive Resynthesis                                           ; Off                ; Off                ;
; Auto ROM Replacement                                                            ; On                 ; On                 ;
; Auto RAM Replacement                                                            ; On                 ; On                 ;
; Auto DSP Block Replacement                                                      ; On                 ; On                 ;
; Auto Shift Register Replacement                                                 ; Auto               ; Auto               ;
; Allow Shift Register Merging across Hierarchies                                 ; Auto               ; Auto               ;
; Auto Clock Enable Replacement                                                   ; On                 ; On                 ;
; Strict RAM Replacement                                                          ; Off                ; Off                ;
; Allow Synchronous Control Signals                                               ; On                 ; On                 ;
; Force Use of Synchronous Clear Signals                                          ; Off                ; Off                ;
; Auto Resource Sharing                                                           ; Off                ; Off                ;
; Allow Any RAM Size For Recognition                                              ; Off                ; Off                ;
; Allow Any ROM Size For Recognition                                              ; Off                ; Off                ;
; Allow Any Shift Register Size For Recognition                                   ; Off                ; Off                ;
; Use LogicLock Constraints during Resource Balancing                             ; On                 ; On                 ;
; Ignore translate_off and synthesis_off directives                               ; Off                ; Off                ;
; Timing-Driven Synthesis                                                         ; On                 ; On                 ;
; Report Parameter Settings                                                       ; On                 ; On                 ;
; Report Source Assignments                                                       ; On                 ; On                 ;
; Report Connectivity Checks                                                      ; On                 ; On                 ;
; Ignore Maximum Fan-Out Assignments                                              ; Off                ; Off                ;
; Synchronization Register Chain Length                                           ; 3                  ; 3                  ;
; Power Optimization During Synthesis                                             ; Normal compilation ; Normal compilation ;
; HDL message level                                                               ; Level2             ; Level2             ;
; Suppress Register Optimization Related Messages                                 ; Off                ; Off                ;
; Number of Removed Registers Reported in Synthesis Report                        ; 5000               ; 5000               ;
; Number of Swept Nodes Reported in Synthesis Report                              ; 5000               ; 5000               ;
; Number of Inverted Registers Reported in Synthesis Report                       ; 100                ; 100                ;
; Clock MUX Protection                                                            ; On                 ; On                 ;
; Auto Gated Clock Conversion                                                     ; Off                ; Off                ;
; Block Design Naming                                                             ; Auto               ; Auto               ;
; SDC constraint protection                                                       ; Off                ; Off                ;
; Synthesis Effort                                                                ; Auto               ; Auto               ;
; Shift Register Replacement - Allow Asynchronous Clear Signal                    ; On                 ; On                 ;
; Pre-Mapping Resynthesis Optimization                                            ; Off                ; Off                ;
; Analysis & Synthesis Message Level                                              ; Medium             ; Medium             ;
; Disable Register Merging Across Hierarchies                                     ; Auto               ; Auto               ;
; Resource Aware Inference For Block RAM                                          ; On                 ; On                 ;
; Automatic Parallel Synthesis                                                    ; On                 ; On                 ;
; Partial Reconfiguration Bitstream ID                                            ; Off                ; Off                ;
+---------------------------------------------------------------------------------+--------------------+--------------------+


+------------------------------------------+
; Parallel Compilation                     ;
+----------------------------+-------------+
; Processors                 ; Number      ;
+----------------------------+-------------+
; Number detected on machine ; 8           ;
; Maximum allowed            ; 4           ;
;                            ;             ;
; Average used               ; 1.00        ;
; Maximum used               ; 4           ;
;                            ;             ;
; Usage by Processor         ; % Time Used ;
;     Processor 1            ; 100.0%      ;
;     Processor 2            ;   0.0%      ;
;     Processors 3-4         ;   0.0%      ;
+----------------------------+-------------+


+---------------------------------------------------------------------------------------------------------------------------------------------------------------------------------------------------------------------------------------------------------+
; Analysis & Synthesis Source Files Read                                                                                                                                                                                                                  ;
+----------------------------------+-----------------+-------------------------------------------------------+----------------------------------------------------------------------------------------------------------------------------------+---------+
; File Name with User-Entered Path ; Used in Netlist ; File Type                                             ; File Name with Absolute Path                                                                                                     ; Library ;
+----------------------------------+-----------------+-------------------------------------------------------+----------------------------------------------------------------------------------------------------------------------------------+---------+
; task2.sv                         ; yes             ; User SystemVerilog HDL File                           ; C:/Users/HP/Desktop/STS+UBC_Stuff/UBC Academics/3rd Year/2022W Term 1/Cpen 211/Labs/Lab 7/task_2/task2.sv                        ;         ;
; ram_init.txt                     ; yes             ; Auto-Found File                                       ; C:/Users/HP/Desktop/STS+UBC_Stuff/UBC Academics/3rd Year/2022W Term 1/Cpen 211/Labs/Lab 7/task_2/ram_init.txt                    ;         ;
; altsyncram.tdf                   ; yes             ; Megafunction                                          ; c:/intelfpga_lite/18.1/quartus/libraries/megafunctions/altsyncram.tdf                                                            ;         ;
; stratix_ram_block.inc            ; yes             ; Megafunction                                          ; c:/intelfpga_lite/18.1/quartus/libraries/megafunctions/stratix_ram_block.inc                                                     ;         ;
; lpm_mux.inc                      ; yes             ; Megafunction                                          ; c:/intelfpga_lite/18.1/quartus/libraries/megafunctions/lpm_mux.inc                                                               ;         ;
; lpm_decode.inc                   ; yes             ; Megafunction                                          ; c:/intelfpga_lite/18.1/quartus/libraries/megafunctions/lpm_decode.inc                                                            ;         ;
; aglobal181.inc                   ; yes             ; Megafunction                                          ; c:/intelfpga_lite/18.1/quartus/libraries/megafunctions/aglobal181.inc                                                            ;         ;
; a_rdenreg.inc                    ; yes             ; Megafunction                                          ; c:/intelfpga_lite/18.1/quartus/libraries/megafunctions/a_rdenreg.inc                                                             ;         ;
; altrom.inc                       ; yes             ; Megafunction                                          ; c:/intelfpga_lite/18.1/quartus/libraries/megafunctions/altrom.inc                                                                ;         ;
; altram.inc                       ; yes             ; Megafunction                                          ; c:/intelfpga_lite/18.1/quartus/libraries/megafunctions/altram.inc                                                                ;         ;
; altdpram.inc                     ; yes             ; Megafunction                                          ; c:/intelfpga_lite/18.1/quartus/libraries/megafunctions/altdpram.inc                                                              ;         ;
; db/altsyncram_00r1.tdf           ; yes             ; Auto-Generated Megafunction                           ; C:/Users/HP/Desktop/STS+UBC_Stuff/UBC Academics/3rd Year/2022W Term 1/Cpen 211/Labs/Lab 7/task_2/db/altsyncram_00r1.tdf          ;         ;
; db/task2.ram0_ram_1d0cf.hdl.mif  ; yes             ; Auto-Generated Auto-Found Memory Initialization File  ; C:/Users/HP/Desktop/STS+UBC_Stuff/UBC Academics/3rd Year/2022W Term 1/Cpen 211/Labs/Lab 7/task_2/db/task2.ram0_ram_1d0cf.hdl.mif ;         ;
+----------------------------------+-----------------+-------------------------------------------------------+----------------------------------------------------------------------------------------------------------------------------------+---------+


+---------------------------------------------------------+
; Analysis & Synthesis Resource Usage Summary             ;
+---------------------------------------------+-----------+
; Resource                                    ; Usage     ;
+---------------------------------------------+-----------+
; Estimate of Logic utilization (ALMs needed) ; 173       ;
;                                             ;           ;
; Combinational ALUT usage for logic          ; 179       ;
;     -- 7 input functions                    ; 32        ;
;     -- 6 input functions                    ; 43        ;
;     -- 5 input functions                    ; 40        ;
;     -- 4 input functions                    ; 30        ;
;     -- <=3 input functions                  ; 34        ;
;                                             ;           ;
; Dedicated logic registers                   ; 234       ;
;                                             ;           ;
; I/O pins                                    ; 26        ;
; Total MLAB memory bits                      ; 0         ;
; Total block memory bits                     ; 4096      ;
;                                             ;           ;
; Total DSP Blocks                            ; 0         ;
;                                             ;           ;
; Maximum fan-out node                        ; clk~input ;
; Maximum fan-out                             ; 250       ;
; Total fan-out                               ; 1839      ;
; Average fan-out                             ; 3.82      ;
+---------------------------------------------+-----------+


+--------------------------------------------------------------------------------------------------------------------------------------------------------------------------------------------------------------------------------------------------------+
; Analysis & Synthesis Resource Utilization by Entity                                                                                                                                                                                                    ;
+-------------------------------------------+---------------------+---------------------------+-------------------+------------+------+--------------+------------------------------------------------------------------+-----------------+--------------+
; Compilation Hierarchy Node                ; Combinational ALUTs ; Dedicated Logic Registers ; Block Memory Bits ; DSP Blocks ; Pins ; Virtual Pins ; Full Hierarchy Name                                              ; Entity Name     ; Library Name ;
+-------------------------------------------+---------------------+---------------------------+-------------------+------------+------+--------------+------------------------------------------------------------------+-----------------+--------------+
; |task2                                    ; 179 (16)            ; 234 (0)                   ; 4096              ; 0          ; 26   ; 0            ; |task2                                                           ; task2           ; work         ;
;    |DAR:dar|                              ; 0 (0)               ; 8 (8)                     ; 0                 ; 0          ; 0    ; 0            ; |task2|DAR:dar                                                   ; DAR             ; work         ;
;    |controller:control|                   ; 49 (49)             ; 26 (26)                   ; 0                 ; 0          ; 0    ; 0            ; |task2|controller:control                                        ; controller      ; work         ;
;    |datapath:dp|                          ; 109 (16)            ; 176 (0)                   ; 0                 ; 0          ; 0    ; 0            ; |task2|datapath:dp                                               ; datapath        ; work         ;
;       |ALU:alu|                           ; 33 (33)             ; 0 (0)                     ; 0                 ; 0          ; 0    ; 0            ; |task2|datapath:dp|ALU:alu                                       ; ALU             ; work         ;
;       |mux_A:multiplexer_A|               ; 2 (2)               ; 0 (0)                     ; 0                 ; 0          ; 0    ; 0            ; |task2|datapath:dp|mux_A:multiplexer_A                           ; mux_A           ; work         ;
;       |mux_B:multiplexer_B|               ; 16 (16)             ; 0 (0)                     ; 0                 ; 0          ; 0    ; 0            ; |task2|datapath:dp|mux_B:multiplexer_B                           ; mux_B           ; work         ;
;       |reg_en:A|                          ; 0 (0)               ; 16 (16)                   ; 0                 ; 0          ; 0    ; 0            ; |task2|datapath:dp|reg_en:A                                      ; reg_en          ; work         ;
;       |reg_en:B|                          ; 0 (0)               ; 16 (16)                   ; 0                 ; 0          ; 0    ; 0            ; |task2|datapath:dp|reg_en:B                                      ; reg_en          ; work         ;
;       |reg_en:C|                          ; 0 (0)               ; 16 (16)                   ; 0                 ; 0          ; 0    ; 0            ; |task2|datapath:dp|reg_en:C                                      ; reg_en          ; work         ;
;       |regfile:register|                  ; 40 (40)             ; 128 (128)                 ; 0                 ; 0          ; 0    ; 0            ; |task2|datapath:dp|regfile:register                              ; regfile         ; work         ;
;       |shifter:shift|                     ; 2 (2)               ; 0 (0)                     ; 0                 ; 0          ; 0    ; 0            ; |task2|datapath:dp|shifter:shift                                 ; shifter         ; work         ;
;    |idecoder:instr_dec|                   ; 5 (5)               ; 0 (0)                     ; 0                 ; 0          ; 0    ; 0            ; |task2|idecoder:instr_dec                                        ; idecoder        ; work         ;
;    |ireg:instr_reg|                       ; 0 (0)               ; 16 (16)                   ; 0                 ; 0          ; 0    ; 0            ; |task2|ireg:instr_reg                                            ; ireg            ; work         ;
;    |ram:ram|                              ; 0 (0)               ; 0 (0)                     ; 4096              ; 0          ; 0    ; 0            ; |task2|ram:ram                                                   ; ram             ; work         ;
;       |altsyncram:m_rtl_0|                ; 0 (0)               ; 0 (0)                     ; 4096              ; 0          ; 0    ; 0            ; |task2|ram:ram|altsyncram:m_rtl_0                                ; altsyncram      ; work         ;
;          |altsyncram_00r1:auto_generated| ; 0 (0)               ; 0 (0)                     ; 4096              ; 0          ; 0    ; 0            ; |task2|ram:ram|altsyncram:m_rtl_0|altsyncram_00r1:auto_generated ; altsyncram_00r1 ; work         ;
;    |reg_en8:PC|                           ; 0 (0)               ; 8 (8)                     ; 0                 ; 0          ; 0    ; 0            ; |task2|reg_en8:PC                                                ; reg_en8         ; work         ;
+-------------------------------------------+---------------------+---------------------------+-------------------+------------+------+--------------+------------------------------------------------------------------+-----------------+--------------+
Note: For table entries with two numbers listed, the numbers in parentheses indicate the number of resources of the given type used by the specific entity alone. The numbers listed outside of parentheses indicate the total resources of the given type used by the specific entity and all of its sub-entities in the hierarchy.


+-----------------------------------------------------------------------------------------------------------------------------------------------------------------------------------------------------+
; Analysis & Synthesis RAM Summary                                                                                                                                                                    ;
+----------------------------------------------------------------------+------+------------------+--------------+--------------+--------------+--------------+------+---------------------------------+
; Name                                                                 ; Type ; Mode             ; Port A Depth ; Port A Width ; Port B Depth ; Port B Width ; Size ; MIF                             ;
+----------------------------------------------------------------------+------+------------------+--------------+--------------+--------------+--------------+------+---------------------------------+
; ram:ram|altsyncram:m_rtl_0|altsyncram_00r1:auto_generated|ALTSYNCRAM ; AUTO ; Simple Dual Port ; 256          ; 16           ; 256          ; 16           ; 4096 ; db/task2.ram0_ram_1d0cf.hdl.mif ;
+----------------------------------------------------------------------+------+------------------+--------------+--------------+--------------+--------------+------+---------------------------------+


Encoding Type:  One-Hot
+-------------------------------------------------------------------------------------------------------------------------------------------------------------------------------------------------------------------------------------------------------------------------------------------------------------------------------------------------------------------------------------------------------------------------+
; State Machine - |task2|controller:control|state                                                                                                                                                                                                                                                                                                                                                                         ;
+-------------------+----------------+------------+------------+--------------+--------------+--------------+-------------+-------------+-------------+-------------+-------------+-------------+-------------+-------------+------------+---------------+-------------+-------------------+-----------+-----------+-----------+-----------+---------------+---------------+-----------------+--------------+-------------+
; Name              ; state.Write_sh ; state.STRy ; state.STRx ; state.Fetch2 ; state.sh_Rm2 ; state.sh_Rm1 ; state.STR_3 ; state.STR_2 ; state.STR_1 ; state.LDR_4 ; state.LDR_2 ; state.LDR_5 ; state.LDR_3 ; state.LDR_1 ; state.Halt ; state.Load_IR ; state.Fetch ; state.Write_final ; state.Mvn ; state.And ; state.Cmp ; state.Add ; state.StoreRm ; state.StoreRn ; state.WriteImm8 ; state.Decode ; state.Reset ;
+-------------------+----------------+------------+------------+--------------+--------------+--------------+-------------+-------------+-------------+-------------+-------------+-------------+-------------+-------------+------------+---------------+-------------+-------------------+-----------+-----------+-----------+-----------+---------------+---------------+-----------------+--------------+-------------+
; state.Reset       ; 0              ; 0          ; 0          ; 0            ; 0            ; 0            ; 0           ; 0           ; 0           ; 0           ; 0           ; 0           ; 0           ; 0           ; 0          ; 0             ; 0           ; 0                 ; 0         ; 0         ; 0         ; 0         ; 0             ; 0             ; 0               ; 0            ; 0           ;
; state.Decode      ; 0              ; 0          ; 0          ; 0            ; 0            ; 0            ; 0           ; 0           ; 0           ; 0           ; 0           ; 0           ; 0           ; 0           ; 0          ; 0             ; 0           ; 0                 ; 0         ; 0         ; 0         ; 0         ; 0             ; 0             ; 0               ; 1            ; 1           ;
; state.WriteImm8   ; 0              ; 0          ; 0          ; 0            ; 0            ; 0            ; 0           ; 0           ; 0           ; 0           ; 0           ; 0           ; 0           ; 0           ; 0          ; 0             ; 0           ; 0                 ; 0         ; 0         ; 0         ; 0         ; 0             ; 0             ; 1               ; 0            ; 1           ;
; state.StoreRn     ; 0              ; 0          ; 0          ; 0            ; 0            ; 0            ; 0           ; 0           ; 0           ; 0           ; 0           ; 0           ; 0           ; 0           ; 0          ; 0             ; 0           ; 0                 ; 0         ; 0         ; 0         ; 0         ; 0             ; 1             ; 0               ; 0            ; 1           ;
; state.StoreRm     ; 0              ; 0          ; 0          ; 0            ; 0            ; 0            ; 0           ; 0           ; 0           ; 0           ; 0           ; 0           ; 0           ; 0           ; 0          ; 0             ; 0           ; 0                 ; 0         ; 0         ; 0         ; 0         ; 1             ; 0             ; 0               ; 0            ; 1           ;
; state.Add         ; 0              ; 0          ; 0          ; 0            ; 0            ; 0            ; 0           ; 0           ; 0           ; 0           ; 0           ; 0           ; 0           ; 0           ; 0          ; 0             ; 0           ; 0                 ; 0         ; 0         ; 0         ; 1         ; 0             ; 0             ; 0               ; 0            ; 1           ;
; state.Cmp         ; 0              ; 0          ; 0          ; 0            ; 0            ; 0            ; 0           ; 0           ; 0           ; 0           ; 0           ; 0           ; 0           ; 0           ; 0          ; 0             ; 0           ; 0                 ; 0         ; 0         ; 1         ; 0         ; 0             ; 0             ; 0               ; 0            ; 1           ;
; state.And         ; 0              ; 0          ; 0          ; 0            ; 0            ; 0            ; 0           ; 0           ; 0           ; 0           ; 0           ; 0           ; 0           ; 0           ; 0          ; 0             ; 0           ; 0                 ; 0         ; 1         ; 0         ; 0         ; 0             ; 0             ; 0               ; 0            ; 1           ;
; state.Mvn         ; 0              ; 0          ; 0          ; 0            ; 0            ; 0            ; 0           ; 0           ; 0           ; 0           ; 0           ; 0           ; 0           ; 0           ; 0          ; 0             ; 0           ; 0                 ; 1         ; 0         ; 0         ; 0         ; 0             ; 0             ; 0               ; 0            ; 1           ;
; state.Write_final ; 0              ; 0          ; 0          ; 0            ; 0            ; 0            ; 0           ; 0           ; 0           ; 0           ; 0           ; 0           ; 0           ; 0           ; 0          ; 0             ; 0           ; 1                 ; 0         ; 0         ; 0         ; 0         ; 0             ; 0             ; 0               ; 0            ; 1           ;
; state.Fetch       ; 0              ; 0          ; 0          ; 0            ; 0            ; 0            ; 0           ; 0           ; 0           ; 0           ; 0           ; 0           ; 0           ; 0           ; 0          ; 0             ; 1           ; 0                 ; 0         ; 0         ; 0         ; 0         ; 0             ; 0             ; 0               ; 0            ; 1           ;
; state.Load_IR     ; 0              ; 0          ; 0          ; 0            ; 0            ; 0            ; 0           ; 0           ; 0           ; 0           ; 0           ; 0           ; 0           ; 0           ; 0          ; 1             ; 0           ; 0                 ; 0         ; 0         ; 0         ; 0         ; 0             ; 0             ; 0               ; 0            ; 1           ;
; state.Halt        ; 0              ; 0          ; 0          ; 0            ; 0            ; 0            ; 0           ; 0           ; 0           ; 0           ; 0           ; 0           ; 0           ; 0           ; 1          ; 0             ; 0           ; 0                 ; 0         ; 0         ; 0         ; 0         ; 0             ; 0             ; 0               ; 0            ; 1           ;
; state.LDR_1       ; 0              ; 0          ; 0          ; 0            ; 0            ; 0            ; 0           ; 0           ; 0           ; 0           ; 0           ; 0           ; 0           ; 1           ; 0          ; 0             ; 0           ; 0                 ; 0         ; 0         ; 0         ; 0         ; 0             ; 0             ; 0               ; 0            ; 1           ;
; state.LDR_3       ; 0              ; 0          ; 0          ; 0            ; 0            ; 0            ; 0           ; 0           ; 0           ; 0           ; 0           ; 0           ; 1           ; 0           ; 0          ; 0             ; 0           ; 0                 ; 0         ; 0         ; 0         ; 0         ; 0             ; 0             ; 0               ; 0            ; 1           ;
; state.LDR_5       ; 0              ; 0          ; 0          ; 0            ; 0            ; 0            ; 0           ; 0           ; 0           ; 0           ; 0           ; 1           ; 0           ; 0           ; 0          ; 0             ; 0           ; 0                 ; 0         ; 0         ; 0         ; 0         ; 0             ; 0             ; 0               ; 0            ; 1           ;
; state.LDR_2       ; 0              ; 0          ; 0          ; 0            ; 0            ; 0            ; 0           ; 0           ; 0           ; 0           ; 1           ; 0           ; 0           ; 0           ; 0          ; 0             ; 0           ; 0                 ; 0         ; 0         ; 0         ; 0         ; 0             ; 0             ; 0               ; 0            ; 1           ;
; state.LDR_4       ; 0              ; 0          ; 0          ; 0            ; 0            ; 0            ; 0           ; 0           ; 0           ; 1           ; 0           ; 0           ; 0           ; 0           ; 0          ; 0             ; 0           ; 0                 ; 0         ; 0         ; 0         ; 0         ; 0             ; 0             ; 0               ; 0            ; 1           ;
; state.STR_1       ; 0              ; 0          ; 0          ; 0            ; 0            ; 0            ; 0           ; 0           ; 1           ; 0           ; 0           ; 0           ; 0           ; 0           ; 0          ; 0             ; 0           ; 0                 ; 0         ; 0         ; 0         ; 0         ; 0             ; 0             ; 0               ; 0            ; 1           ;
; state.STR_2       ; 0              ; 0          ; 0          ; 0            ; 0            ; 0            ; 0           ; 1           ; 0           ; 0           ; 0           ; 0           ; 0           ; 0           ; 0          ; 0             ; 0           ; 0                 ; 0         ; 0         ; 0         ; 0         ; 0             ; 0             ; 0               ; 0            ; 1           ;
; state.STR_3       ; 0              ; 0          ; 0          ; 0            ; 0            ; 0            ; 1           ; 0           ; 0           ; 0           ; 0           ; 0           ; 0           ; 0           ; 0          ; 0             ; 0           ; 0                 ; 0         ; 0         ; 0         ; 0         ; 0             ; 0             ; 0               ; 0            ; 1           ;
; state.sh_Rm1      ; 0              ; 0          ; 0          ; 0            ; 0            ; 1            ; 0           ; 0           ; 0           ; 0           ; 0           ; 0           ; 0           ; 0           ; 0          ; 0             ; 0           ; 0                 ; 0         ; 0         ; 0         ; 0         ; 0             ; 0             ; 0               ; 0            ; 1           ;
; state.sh_Rm2      ; 0              ; 0          ; 0          ; 0            ; 1            ; 0            ; 0           ; 0           ; 0           ; 0           ; 0           ; 0           ; 0           ; 0           ; 0          ; 0             ; 0           ; 0                 ; 0         ; 0         ; 0         ; 0         ; 0             ; 0             ; 0               ; 0            ; 1           ;
; state.Fetch2      ; 0              ; 0          ; 0          ; 1            ; 0            ; 0            ; 0           ; 0           ; 0           ; 0           ; 0           ; 0           ; 0           ; 0           ; 0          ; 0             ; 0           ; 0                 ; 0         ; 0         ; 0         ; 0         ; 0             ; 0             ; 0               ; 0            ; 1           ;
; state.STRx        ; 0              ; 0          ; 1          ; 0            ; 0            ; 0            ; 0           ; 0           ; 0           ; 0           ; 0           ; 0           ; 0           ; 0           ; 0          ; 0             ; 0           ; 0                 ; 0         ; 0         ; 0         ; 0         ; 0             ; 0             ; 0               ; 0            ; 1           ;
; state.STRy        ; 0              ; 1          ; 0          ; 0            ; 0            ; 0            ; 0           ; 0           ; 0           ; 0           ; 0           ; 0           ; 0           ; 0           ; 0          ; 0             ; 0           ; 0                 ; 0         ; 0         ; 0         ; 0         ; 0             ; 0             ; 0               ; 0            ; 1           ;
; state.Write_sh    ; 1              ; 0          ; 0          ; 0            ; 0            ; 0            ; 0           ; 0           ; 0           ; 0           ; 0           ; 0           ; 0           ; 0           ; 0          ; 0             ; 0           ; 0                 ; 0         ; 0         ; 0         ; 0         ; 0             ; 0             ; 0               ; 0            ; 1           ;
+-------------------+----------------+------------+------------+--------------+--------------+--------------+-------------+-------------+-------------+-------------+-------------+-------------+-------------+-------------+------------+---------------+-------------+-------------------+-----------+-----------+-----------+-----------+---------------+---------------+-----------------+--------------+-------------+


+------------------------------------------------------------+
; Registers Removed During Synthesis                         ;
+---------------------------------------+--------------------+
; Register name                         ; Reason for Removal ;
+---------------------------------------+--------------------+
; controller:control|state.Mvn          ; Lost fanout        ;
; controller:control|state~2            ; Lost fanout        ;
; controller:control|state~3            ; Lost fanout        ;
; controller:control|state~4            ; Lost fanout        ;
; controller:control|state~5            ; Lost fanout        ;
; controller:control|state~6            ; Lost fanout        ;
; Total Number of Removed Registers = 6 ;                    ;
+---------------------------------------+--------------------+


+------------------------------------------------------+
; General Register Statistics                          ;
+----------------------------------------------+-------+
; Statistic                                    ; Value ;
+----------------------------------------------+-------+
; Total registers                              ; 234   ;
; Number of registers using Synchronous Clear  ; 5     ;
; Number of registers using Synchronous Load   ; 24    ;
; Number of registers using Asynchronous Clear ; 0     ;
; Number of registers using Asynchronous Load  ; 0     ;
; Number of registers using Clock Enable       ; 208   ;
; Number of registers using Preset             ; 0     ;
+----------------------------------------------+-------+


+----------------------------------------------------+
; Registers Packed Into Inferred Megafunctions       ;
+---------------------------+-----------------+------+
; Register Name             ; Megafunction    ; Type ;
+---------------------------+-----------------+------+
; ram:ram|ram_r_data[0..15] ; ram:ram|m_rtl_0 ; RAM  ;
+---------------------------+-----------------+------+


+---------------------------------------------------------------------------------------------------------------------------------------------------------------+
; Multiplexer Restructuring Statistics (Restructuring Performed)                                                                                                ;
+--------------------+-----------+---------------+----------------------+------------------------+------------+-------------------------------------------------+
; Multiplexer Inputs ; Bus Width ; Baseline Area ; Area if Restructured ; Saving if Restructured ; Registered ; Example Multiplexer Output                      ;
+--------------------+-----------+---------------+----------------------+------------------------+------------+-------------------------------------------------+
; 4:1                ; 16 bits   ; 32 LEs        ; 32 LEs               ; 0 LEs                  ; Yes        ; |task2|datapath:dp|reg_en:C|out[12]             ;
; 3:1                ; 2 bits    ; 4 LEs         ; 4 LEs                ; 0 LEs                  ; No         ; |task2|controller:control|state                 ;
; 4:1                ; 8 bits    ; 16 LEs        ; 16 LEs               ; 0 LEs                  ; No         ; |task2|datapath:dp|Mux7                         ;
; 4:1                ; 8 bits    ; 16 LEs        ; 16 LEs               ; 0 LEs                  ; No         ; |task2|datapath:dp|Mux8                         ;
; 5:1                ; 14 bits   ; 42 LEs        ; 28 LEs               ; 14 LEs                 ; No         ; |task2|datapath:dp|mux_B:multiplexer_B|val_B[8] ;
; 4:1                ; 3 bits    ; 6 LEs         ; 6 LEs                ; 0 LEs                  ; No         ; |task2|idecoder:instr_dec|w_addr[2]             ;
+--------------------+-----------+---------------+----------------------+------------------------+------------+-------------------------------------------------+


+----------------------------------------------------------------------------------+
; Source assignments for ram:ram|altsyncram:m_rtl_0|altsyncram_00r1:auto_generated ;
+---------------------------------+--------------------+------+--------------------+
; Assignment                      ; Value              ; From ; To                 ;
+---------------------------------+--------------------+------+--------------------+
; OPTIMIZE_POWER_DURING_SYNTHESIS ; NORMAL_COMPILATION ; -    ; -                  ;
+---------------------------------+--------------------+------+--------------------+


+---------------------------------------------------------------------------------------+
; Parameter Settings for Inferred Entity Instance: ram:ram|altsyncram:m_rtl_0           ;
+------------------------------------+---------------------------------+----------------+
; Parameter Name                     ; Value                           ; Type           ;
+------------------------------------+---------------------------------+----------------+
; BYTE_SIZE_BLOCK                    ; 8                               ; Untyped        ;
; AUTO_CARRY_CHAINS                  ; ON                              ; AUTO_CARRY     ;
; IGNORE_CARRY_BUFFERS               ; OFF                             ; IGNORE_CARRY   ;
; AUTO_CASCADE_CHAINS                ; ON                              ; AUTO_CASCADE   ;
; IGNORE_CASCADE_BUFFERS             ; OFF                             ; IGNORE_CASCADE ;
; WIDTH_BYTEENA                      ; 1                               ; Untyped        ;
; OPERATION_MODE                     ; DUAL_PORT                       ; Untyped        ;
; WIDTH_A                            ; 16                              ; Untyped        ;
; WIDTHAD_A                          ; 8                               ; Untyped        ;
; NUMWORDS_A                         ; 256                             ; Untyped        ;
; OUTDATA_REG_A                      ; UNREGISTERED                    ; Untyped        ;
; ADDRESS_ACLR_A                     ; NONE                            ; Untyped        ;
; OUTDATA_ACLR_A                     ; NONE                            ; Untyped        ;
; WRCONTROL_ACLR_A                   ; NONE                            ; Untyped        ;
; INDATA_ACLR_A                      ; NONE                            ; Untyped        ;
; BYTEENA_ACLR_A                     ; NONE                            ; Untyped        ;
; WIDTH_B                            ; 16                              ; Untyped        ;
; WIDTHAD_B                          ; 8                               ; Untyped        ;
; NUMWORDS_B                         ; 256                             ; Untyped        ;
; INDATA_REG_B                       ; CLOCK1                          ; Untyped        ;
; WRCONTROL_WRADDRESS_REG_B          ; CLOCK1                          ; Untyped        ;
; RDCONTROL_REG_B                    ; CLOCK1                          ; Untyped        ;
; ADDRESS_REG_B                      ; CLOCK0                          ; Untyped        ;
; OUTDATA_REG_B                      ; UNREGISTERED                    ; Untyped        ;
; BYTEENA_REG_B                      ; CLOCK1                          ; Untyped        ;
; INDATA_ACLR_B                      ; NONE                            ; Untyped        ;
; WRCONTROL_ACLR_B                   ; NONE                            ; Untyped        ;
; ADDRESS_ACLR_B                     ; NONE                            ; Untyped        ;
; OUTDATA_ACLR_B                     ; NONE                            ; Untyped        ;
; RDCONTROL_ACLR_B                   ; NONE                            ; Untyped        ;
; BYTEENA_ACLR_B                     ; NONE                            ; Untyped        ;
; WIDTH_BYTEENA_A                    ; 1                               ; Untyped        ;
; WIDTH_BYTEENA_B                    ; 1                               ; Untyped        ;
; RAM_BLOCK_TYPE                     ; AUTO                            ; Untyped        ;
; BYTE_SIZE                          ; 8                               ; Untyped        ;
; READ_DURING_WRITE_MODE_MIXED_PORTS ; OLD_DATA                        ; Untyped        ;
; READ_DURING_WRITE_MODE_PORT_A      ; NEW_DATA_NO_NBE_READ            ; Untyped        ;
; READ_DURING_WRITE_MODE_PORT_B      ; NEW_DATA_NO_NBE_READ            ; Untyped        ;
; INIT_FILE                          ; db/task2.ram0_ram_1d0cf.hdl.mif ; Untyped        ;
; INIT_FILE_LAYOUT                   ; PORT_A                          ; Untyped        ;
; MAXIMUM_DEPTH                      ; 0                               ; Untyped        ;
; CLOCK_ENABLE_INPUT_A               ; NORMAL                          ; Untyped        ;
; CLOCK_ENABLE_INPUT_B               ; NORMAL                          ; Untyped        ;
; CLOCK_ENABLE_OUTPUT_A              ; NORMAL                          ; Untyped        ;
; CLOCK_ENABLE_OUTPUT_B              ; NORMAL                          ; Untyped        ;
; CLOCK_ENABLE_CORE_A                ; USE_INPUT_CLKEN                 ; Untyped        ;
; CLOCK_ENABLE_CORE_B                ; USE_INPUT_CLKEN                 ; Untyped        ;
; ENABLE_ECC                         ; FALSE                           ; Untyped        ;
; ECC_PIPELINE_STAGE_ENABLED         ; FALSE                           ; Untyped        ;
; WIDTH_ECCSTATUS                    ; 3                               ; Untyped        ;
; DEVICE_FAMILY                      ; Cyclone V                       ; Untyped        ;
; CBXI_PARAMETER                     ; altsyncram_00r1                 ; Untyped        ;
+------------------------------------+---------------------------------+----------------+
Note: In order to hide this table in the UI and the text report file, please set the "Show Parameter Settings in Synthesis Report" option in "Analysis and Synthesis Settings -> More Settings" to "Off".


+------------------------------------------------------------------------+
; altsyncram Parameter Settings by Entity Instance                       ;
+-------------------------------------------+----------------------------+
; Name                                      ; Value                      ;
+-------------------------------------------+----------------------------+
; Number of entity instances                ; 1                          ;
; Entity Instance                           ; ram:ram|altsyncram:m_rtl_0 ;
;     -- OPERATION_MODE                     ; DUAL_PORT                  ;
;     -- WIDTH_A                            ; 16                         ;
;     -- NUMWORDS_A                         ; 256                        ;
;     -- OUTDATA_REG_A                      ; UNREGISTERED               ;
;     -- WIDTH_B                            ; 16                         ;
;     -- NUMWORDS_B                         ; 256                        ;
;     -- ADDRESS_REG_B                      ; CLOCK0                     ;
;     -- OUTDATA_REG_B                      ; UNREGISTERED               ;
;     -- RAM_BLOCK_TYPE                     ; AUTO                       ;
;     -- READ_DURING_WRITE_MODE_MIXED_PORTS ; OLD_DATA                   ;
+-------------------------------------------+----------------------------+


+-------------------------------------------------------------------------------------------------------------------+
; Port Connectivity Checks: "controller:control"                                                                    ;
+---------+--------+----------+-------------------------------------------------------------------------------------+
; Port    ; Type   ; Severity ; Details                                                                             ;
+---------+--------+----------+-------------------------------------------------------------------------------------+
; waiting ; Output ; Info     ; Connected to dangling logic. Logic that only feeds a dangling port will be removed. ;
+---------+--------+----------+-------------------------------------------------------------------------------------+


+-----------------------------------------------------+
; Post-Synthesis Netlist Statistics for Top Partition ;
+-----------------------+-----------------------------+
; Type                  ; Count                       ;
+-----------------------+-----------------------------+
; arriav_ff             ; 234                         ;
;     ENA               ; 184                         ;
;     ENA SLD           ; 24                          ;
;     SCLR              ; 5                           ;
;     plain             ; 21                          ;
; arriav_lcell_comb     ; 179                         ;
;     arith             ; 25                          ;
;         1 data inputs ; 9                           ;
;         4 data inputs ; 14                          ;
;         5 data inputs ; 2                           ;
;     extend            ; 32                          ;
;         7 data inputs ; 32                          ;
;     normal            ; 122                         ;
;         2 data inputs ; 17                          ;
;         3 data inputs ; 8                           ;
;         4 data inputs ; 16                          ;
;         5 data inputs ; 38                          ;
;         6 data inputs ; 43                          ;
; boundary_port         ; 26                          ;
; stratixv_ram_block    ; 16                          ;
;                       ;                             ;
; Max LUT depth         ; 5.40                        ;
; Average LUT depth     ; 2.40                        ;
+-----------------------+-----------------------------+


+-------------------------------+
; Elapsed Time Per Partition    ;
+----------------+--------------+
; Partition Name ; Elapsed Time ;
+----------------+--------------+
; Top            ; 00:00:01     ;
+----------------+--------------+


+-------------------------------+
; Analysis & Synthesis Messages ;
+-------------------------------+
Info: *******************************************************************
Info: Running Quartus Prime Analysis & Synthesis
    Info: Version 18.1.0 Build 625 09/12/2018 SJ Lite Edition
    Info: Processing started: Sat Dec 03 17:42:47 2022
Info: Command: quartus_map --read_settings_files=on --write_settings_files=off task2 -c task2
Warning (18236): Number of processors has not been specified which may cause overloading on shared machines.  Set the global assignment NUM_PARALLEL_PROCESSORS in your QSF to an appropriate value for best performance.
Info (20030): Parallel compilation is enabled and will use 4 of the 4 processors detected
Info (12021): Found 15 design units, including 15 entities, in source file task2.sv
    Info (12023): Found entity 1: task2 File: C:/Users/HP/Desktop/STS+UBC_Stuff/UBC Academics/3rd Year/2022W Term 1/Cpen 211/Labs/Lab 7/task_2/task2.sv Line: 1
    Info (12023): Found entity 2: ram File: C:/Users/HP/Desktop/STS+UBC_Stuff/UBC Academics/3rd Year/2022W Term 1/Cpen 211/Labs/Lab 7/task_2/task2.sv Line: 48
    Info (12023): Found entity 3: reg_en8 File: C:/Users/HP/Desktop/STS+UBC_Stuff/UBC Academics/3rd Year/2022W Term 1/Cpen 211/Labs/Lab 7/task_2/task2.sv Line: 59
    Info (12023): Found entity 4: DAR File: C:/Users/HP/Desktop/STS+UBC_Stuff/UBC Academics/3rd Year/2022W Term 1/Cpen 211/Labs/Lab 7/task_2/task2.sv Line: 67
    Info (12023): Found entity 5: ireg File: C:/Users/HP/Desktop/STS+UBC_Stuff/UBC Academics/3rd Year/2022W Term 1/Cpen 211/Labs/Lab 7/task_2/task2.sv Line: 76
    Info (12023): Found entity 6: idecoder File: C:/Users/HP/Desktop/STS+UBC_Stuff/UBC Academics/3rd Year/2022W Term 1/Cpen 211/Labs/Lab 7/task_2/task2.sv Line: 84
    Info (12023): Found entity 7: datapath File: C:/Users/HP/Desktop/STS+UBC_Stuff/UBC Academics/3rd Year/2022W Term 1/Cpen 211/Labs/Lab 7/task_2/task2.sv Line: 110
    Info (12023): Found entity 8: writeback_mux File: C:/Users/HP/Desktop/STS+UBC_Stuff/UBC Academics/3rd Year/2022W Term 1/Cpen 211/Labs/Lab 7/task_2/task2.sv Line: 150
    Info (12023): Found entity 9: regfile File: C:/Users/HP/Desktop/STS+UBC_Stuff/UBC Academics/3rd Year/2022W Term 1/Cpen 211/Labs/Lab 7/task_2/task2.sv Line: 163
    Info (12023): Found entity 10: reg_en File: C:/Users/HP/Desktop/STS+UBC_Stuff/UBC Academics/3rd Year/2022W Term 1/Cpen 211/Labs/Lab 7/task_2/task2.sv Line: 169
    Info (12023): Found entity 11: shifter File: C:/Users/HP/Desktop/STS+UBC_Stuff/UBC Academics/3rd Year/2022W Term 1/Cpen 211/Labs/Lab 7/task_2/task2.sv Line: 177
    Info (12023): Found entity 12: mux_A File: C:/Users/HP/Desktop/STS+UBC_Stuff/UBC Academics/3rd Year/2022W Term 1/Cpen 211/Labs/Lab 7/task_2/task2.sv Line: 192
    Info (12023): Found entity 13: mux_B File: C:/Users/HP/Desktop/STS+UBC_Stuff/UBC Academics/3rd Year/2022W Term 1/Cpen 211/Labs/Lab 7/task_2/task2.sv Line: 196
    Info (12023): Found entity 14: ALU File: C:/Users/HP/Desktop/STS+UBC_Stuff/UBC Academics/3rd Year/2022W Term 1/Cpen 211/Labs/Lab 7/task_2/task2.sv Line: 200
    Info (12023): Found entity 15: controller File: C:/Users/HP/Desktop/STS+UBC_Stuff/UBC Academics/3rd Year/2022W Term 1/Cpen 211/Labs/Lab 7/task_2/task2.sv Line: 216
Info (12127): Elaborating entity "task2" for the top level hierarchy
Warning (10230): Verilog HDL assignment warning at task2.sv(24): truncated value with size 32 to match size of target (8) File: C:/Users/HP/Desktop/STS+UBC_Stuff/UBC Academics/3rd Year/2022W Term 1/Cpen 211/Labs/Lab 7/task_2/task2.sv Line: 24
Info (12128): Elaborating entity "ram" for hierarchy "ram:ram" File: C:/Users/HP/Desktop/STS+UBC_Stuff/UBC Academics/3rd Year/2022W Term 1/Cpen 211/Labs/Lab 7/task_2/task2.sv Line: 14
Info (12128): Elaborating entity "ireg" for hierarchy "ireg:instr_reg" File: C:/Users/HP/Desktop/STS+UBC_Stuff/UBC Academics/3rd Year/2022W Term 1/Cpen 211/Labs/Lab 7/task_2/task2.sv Line: 15
Info (12128): Elaborating entity "idecoder" for hierarchy "idecoder:instr_dec" File: C:/Users/HP/Desktop/STS+UBC_Stuff/UBC Academics/3rd Year/2022W Term 1/Cpen 211/Labs/Lab 7/task_2/task2.sv Line: 16
Info (12128): Elaborating entity "datapath" for hierarchy "datapath:dp" File: C:/Users/HP/Desktop/STS+UBC_Stuff/UBC Academics/3rd Year/2022W Term 1/Cpen 211/Labs/Lab 7/task_2/task2.sv Line: 17
Info (12128): Elaborating entity "regfile" for hierarchy "datapath:dp|regfile:register" File: C:/Users/HP/Desktop/STS+UBC_Stuff/UBC Academics/3rd Year/2022W Term 1/Cpen 211/Labs/Lab 7/task_2/task2.sv Line: 138
Info (12128): Elaborating entity "reg_en" for hierarchy "datapath:dp|reg_en:A" File: C:/Users/HP/Desktop/STS+UBC_Stuff/UBC Academics/3rd Year/2022W Term 1/Cpen 211/Labs/Lab 7/task_2/task2.sv Line: 139
Info (12128): Elaborating entity "shifter" for hierarchy "datapath:dp|shifter:shift" File: C:/Users/HP/Desktop/STS+UBC_Stuff/UBC Academics/3rd Year/2022W Term 1/Cpen 211/Labs/Lab 7/task_2/task2.sv Line: 141
Info (12128): Elaborating entity "mux_A" for hierarchy "datapath:dp|mux_A:multiplexer_A" File: C:/Users/HP/Desktop/STS+UBC_Stuff/UBC Academics/3rd Year/2022W Term 1/Cpen 211/Labs/Lab 7/task_2/task2.sv Line: 142
Info (12128): Elaborating entity "mux_B" for hierarchy "datapath:dp|mux_B:multiplexer_B" File: C:/Users/HP/Desktop/STS+UBC_Stuff/UBC Academics/3rd Year/2022W Term 1/Cpen 211/Labs/Lab 7/task_2/task2.sv Line: 143
Info (12128): Elaborating entity "ALU" for hierarchy "datapath:dp|ALU:alu" File: C:/Users/HP/Desktop/STS+UBC_Stuff/UBC Academics/3rd Year/2022W Term 1/Cpen 211/Labs/Lab 7/task_2/task2.sv Line: 144
Info (12128): Elaborating entity "controller" for hierarchy "controller:control" File: C:/Users/HP/Desktop/STS+UBC_Stuff/UBC Academics/3rd Year/2022W Term 1/Cpen 211/Labs/Lab 7/task_2/task2.sv Line: 18
Info (10264): Verilog HDL Case Statement information at task2.sv(260): all case item expressions in this case statement are onehot File: C:/Users/HP/Desktop/STS+UBC_Stuff/UBC Academics/3rd Year/2022W Term 1/Cpen 211/Labs/Lab 7/task_2/task2.sv Line: 260
Info (10264): Verilog HDL Case Statement information at task2.sv(333): all case item expressions in this case statement are onehot File: C:/Users/HP/Desktop/STS+UBC_Stuff/UBC Academics/3rd Year/2022W Term 1/Cpen 211/Labs/Lab 7/task_2/task2.sv Line: 333
Info (12128): Elaborating entity "reg_en8" for hierarchy "reg_en8:PC" File: C:/Users/HP/Desktop/STS+UBC_Stuff/UBC Academics/3rd Year/2022W Term 1/Cpen 211/Labs/Lab 7/task_2/task2.sv Line: 25
Info (12128): Elaborating entity "DAR" for hierarchy "DAR:dar" File: C:/Users/HP/Desktop/STS+UBC_Stuff/UBC Academics/3rd Year/2022W Term 1/Cpen 211/Labs/Lab 7/task_2/task2.sv Line: 27
Info (276014): Found 1 instances of uninferred RAM logic
    Info (276007): RAM logic "datapath:dp|regfile:register|m" is uninferred due to asynchronous read logic File: C:/Users/HP/Desktop/STS+UBC_Stuff/UBC Academics/3rd Year/2022W Term 1/Cpen 211/Labs/Lab 7/task_2/task2.sv Line: 164
Info (19000): Inferred 1 megafunctions from design logic
    Info (276029): Inferred altsyncram megafunction from the following design logic: "ram:ram|m_rtl_0" 
        Info (286033): Parameter OPERATION_MODE set to DUAL_PORT
        Info (286033): Parameter WIDTH_A set to 16
        Info (286033): Parameter WIDTHAD_A set to 8
        Info (286033): Parameter NUMWORDS_A set to 256
        Info (286033): Parameter WIDTH_B set to 16
        Info (286033): Parameter WIDTHAD_B set to 8
        Info (286033): Parameter NUMWORDS_B set to 256
        Info (286033): Parameter ADDRESS_ACLR_A set to NONE
        Info (286033): Parameter OUTDATA_REG_B set to UNREGISTERED
        Info (286033): Parameter ADDRESS_ACLR_B set to NONE
        Info (286033): Parameter OUTDATA_ACLR_B set to NONE
        Info (286033): Parameter ADDRESS_REG_B set to CLOCK0
        Info (286033): Parameter INDATA_ACLR_A set to NONE
        Info (286033): Parameter WRCONTROL_ACLR_A set to NONE
        Info (286033): Parameter INIT_FILE set to db/task2.ram0_ram_1d0cf.hdl.mif
        Info (286033): Parameter READ_DURING_WRITE_MODE_MIXED_PORTS set to OLD_DATA
Info (12130): Elaborated megafunction instantiation "ram:ram|altsyncram:m_rtl_0"
Info (12133): Instantiated megafunction "ram:ram|altsyncram:m_rtl_0" with the following parameter:
    Info (12134): Parameter "OPERATION_MODE" = "DUAL_PORT"
    Info (12134): Parameter "WIDTH_A" = "16"
    Info (12134): Parameter "WIDTHAD_A" = "8"
    Info (12134): Parameter "NUMWORDS_A" = "256"
    Info (12134): Parameter "WIDTH_B" = "16"
    Info (12134): Parameter "WIDTHAD_B" = "8"
    Info (12134): Parameter "NUMWORDS_B" = "256"
    Info (12134): Parameter "ADDRESS_ACLR_A" = "NONE"
    Info (12134): Parameter "OUTDATA_REG_B" = "UNREGISTERED"
    Info (12134): Parameter "ADDRESS_ACLR_B" = "NONE"
    Info (12134): Parameter "OUTDATA_ACLR_B" = "NONE"
    Info (12134): Parameter "ADDRESS_REG_B" = "CLOCK0"
    Info (12134): Parameter "INDATA_ACLR_A" = "NONE"
    Info (12134): Parameter "WRCONTROL_ACLR_A" = "NONE"
    Info (12134): Parameter "INIT_FILE" = "db/task2.ram0_ram_1d0cf.hdl.mif"
    Info (12134): Parameter "READ_DURING_WRITE_MODE_MIXED_PORTS" = "OLD_DATA"
Info (12021): Found 1 design units, including 1 entities, in source file db/altsyncram_00r1.tdf
    Info (12023): Found entity 1: altsyncram_00r1 File: C:/Users/HP/Desktop/STS+UBC_Stuff/UBC Academics/3rd Year/2022W Term 1/Cpen 211/Labs/Lab 7/task_2/db/altsyncram_00r1.tdf Line: 27
Info (286030): Timing-Driven Synthesis is running
Info (17049): 6 registers lost all their fanouts during netlist optimizations.
Info (144001): Generated suppressed messages file C:/Users/HP/Desktop/STS+UBC_Stuff/UBC Academics/3rd Year/2022W Term 1/Cpen 211/Labs/Lab 7/task_2/output_files/task2.map.smsg
Info (16010): Generating hard_block partition "hard_block:auto_generated_inst"
    Info (16011): Adding 0 node(s), including 0 DDIO, 0 PLL, 0 transceiver and 0 LCELL
Info (21057): Implemented 406 device resources after synthesis - the final resource count might be different
    Info (21058): Implemented 10 input pins
    Info (21059): Implemented 16 output pins
    Info (21061): Implemented 364 logic cells
    Info (21064): Implemented 16 RAM segments
Info: Quartus Prime Analysis & Synthesis was successful. 0 errors, 2 warnings
    Info: Peak virtual memory: 4859 megabytes
    Info: Processing ended: Sat Dec 03 17:43:04 2022
    Info: Elapsed time: 00:00:17
    Info: Total CPU time (on all processors): 00:00:14


+------------------------------------------+
; Analysis & Synthesis Suppressed Messages ;
+------------------------------------------+
The suppressed messages can be found in C:/Users/HP/Desktop/STS+UBC_Stuff/UBC Academics/3rd Year/2022W Term 1/Cpen 211/Labs/Lab 7/task_2/output_files/task2.map.smsg.


